<?xml version="1.0" encoding="UTF-8"?>
<coverage generated="1567641858811" clover="3.2.0">
  <project timestamp="1567641858812" name="All files">
    <metrics statements="22" coveredstatements="12" conditionals="18" coveredconditionals="5" methods="5" coveredmethods="3" elements="45" coveredelements="20" complexity="0" loc="22" ncloc="22" packages="1" files="1" classes="1">
      <file name="Input.vue" path="/Users/usuario/frontend-assignment/src/components/Input.vue">
        <metrics statements="22" coveredstatements="12" conditionals="18" coveredconditionals="5" methods="5" coveredmethods="3"/>
        <line num="20" count="6" type="stmt"/>
        <line num="44" count="0" type="cond" truecount="0" falsecount="2"/>
        <line num="45" count="0" type="stmt"/>
        <line num="49" count="3" type="cond" truecount="1" falsecount="1"/>
        <line num="51" count="3" type="stmt"/>
        <line num="57" count="3" type="stmt"/>
        <line num="58" count="3" type="cond" truecount="1" falsecount="1"/>
        <line num="59" count="0" type="stmt"/>
        <line num="60" count="0" type="stmt"/>
        <line num="61" count="0" type="stmt"/>
        <line num="63" count="3" type="stmt"/>
        <line num="64" count="3" type="stmt"/>
        <line num="65" count="3" type="stmt"/>
        <line num="69" count="0" type="cond" truecount="0" falsecount="2"/>
        <line num="70" count="0" type="cond" truecount="0" falsecount="2"/>
        <line num="71" count="0" type="stmt"/>
        <line num="72" count="0" type="cond" truecount="0" falsecount="2"/>
        <line num="75" count="9" type="stmt"/>
        <line num="78" count="6" type="cond" truecount="1" falsecount="1"/>
        <line num="80" count="3" type="cond" truecount="2" falsecount="2"/>
        <line num="81" count="0" type="stmt"/>
        <line num="83" count="3" type="stmt"/>
      </file>
    </metrics>
  </project>
</coverage>
