{"/Users/usuario/frontend-assignment/src/components/Input.vue": {"path":"/Users/usuario/frontend-assignment/src/components/Input.vue","statementMap":{"0":{"start":{"line":20,"column":0},"end":{"line":null,"column":-1}},"1":{"start":{"line":44,"column":0},"end":{"line":46,"column":0}},"2":{"start":{"line":45,"column":0},"end":{"line":null,"column":-1}},"3":{"start":{"line":49,"column":0},"end":{"line":66,"column":0}},"4":{"start":{"line":51,"column":0},"end":{"line":null,"column":-1}},"5":{"start":{"line":57,"column":0},"end":{"line":null,"column":-1}},"6":{"start":{"line":58,"column":0},"end":{"line":62,"column":0}},"7":{"start":{"line":59,"column":0},"end":{"line":null,"column":-1}},"8":{"start":{"line":60,"column":0},"end":{"line":null,"column":-1}},"9":{"start":{"line":61,"column":0},"end":{"line":null,"column":-1}},"10":{"start":{"line":63,"column":0},"end":{"line":null,"column":-1}},"11":{"start":{"line":64,"column":0},"end":{"line":null,"column":-1}},"12":{"start":{"line":65,"column":0},"end":{"line":null,"column":-1}},"13":{"start":{"line":69,"column":0},"end":{"line":73,"column":0}},"14":{"start":{"line":70,"column":0},"end":{"line":null,"column":-1}},"15":{"start":{"line":71,"column":0},"end":{"line":null,"column":-1}},"16":{"start":{"line":72,"column":0},"end":{"line":null,"column":-1}},"17":{"start":{"line":75,"column":0},"end":{"line":null,"column":-1}},"18":{"start":{"line":78,"column":0},"end":{"line":null,"column":-1}},"19":{"start":{"line":80,"column":0},"end":{"line":84,"column":0}},"20":{"start":{"line":81,"column":0},"end":{"line":null,"column":-1}},"21":{"start":{"line":83,"column":0},"end":{"line":null,"column":-1}}},"fnMap":{"0":{"name":"data","decl":{"start":{"line":20,"column":0},"end":{"line":null,"column":-1}},"loc":{"start":{"line":20,"column":0},"end":{"line":null,"column":-1}}},"1":{"name":"handleFocus","decl":{"start":{"line":43,"column":0},"end":{"line":null,"column":-1}},"loc":{"start":{"line":43,"column":0},"end":{"line":47,"column":0}}},"2":{"name":"handleCurrencyBlur","decl":{"start":{"line":48,"column":0},"end":{"line":null,"column":-1}},"loc":{"start":{"line":48,"column":0},"end":{"line":67,"column":0}}},"3":{"name":"handleKeyPress","decl":{"start":{"line":68,"column":0},"end":{"line":null,"column":-1}},"loc":{"start":{"line":68,"column":0},"end":{"line":74,"column":0}}},"4":{"name":"validate","decl":{"start":{"line":75,"column":0},"end":{"line":null,"column":-1}},"loc":{"start":{"line":75,"column":0},"end":{"line":85,"column":0}}}},"branchMap":{"0":{"loc":{"start":{"line":44,"column":0},"end":{"line":46,"column":0}},"type":"if","locations":[{"start":{"line":44,"column":0},"end":{"line":46,"column":0}},{"start":{"line":44,"column":0},"end":{"line":46,"column":0}}]},"1":{"loc":{"start":{"line":49,"column":0},"end":{"line":66,"column":0}},"type":"if","locations":[{"start":{"line":49,"column":0},"end":{"line":66,"column":0}},{"start":{"line":49,"column":0},"end":{"line":66,"column":0}}]},"2":{"loc":{"start":{"line":58,"column":0},"end":{"line":62,"column":0}},"type":"if","locations":[{"start":{"line":58,"column":0},"end":{"line":62,"column":0}},{"start":{"line":58,"column":0},"end":{"line":62,"column":0}}]},"3":{"loc":{"start":{"line":69,"column":0},"end":{"line":73,"column":0}},"type":"if","locations":[{"start":{"line":69,"column":0},"end":{"line":73,"column":0}},{"start":{"line":69,"column":0},"end":{"line":73,"column":0}}]},"4":{"loc":{"start":{"line":70,"column":0},"end":{"line":null,"column":-1}},"type":"binary-expr","locations":[{"start":{"line":70,"column":0},"end":{"line":null,"column":-1}},{"start":{"line":70,"column":0},"end":{"line":null,"column":-1}}]},"5":{"loc":{"start":{"line":72,"column":0},"end":{"line":null,"column":-1}},"type":"if","locations":[{"start":{"line":72,"column":0},"end":{"line":null,"column":-1}},{"start":{"line":72,"column":0},"end":{"line":null,"column":-1}}]},"6":{"loc":{"start":{"line":78,"column":0},"end":{"line":null,"column":-1}},"type":"if","locations":[{"start":{"line":78,"column":0},"end":{"line":null,"column":-1}},{"start":{"line":78,"column":0},"end":{"line":null,"column":-1}}]},"7":{"loc":{"start":{"line":80,"column":0},"end":{"line":84,"column":0}},"type":"if","locations":[{"start":{"line":80,"column":0},"end":{"line":84,"column":0}},{"start":{"line":80,"column":0},"end":{"line":84,"column":0}}]},"8":{"loc":{"start":{"line":80,"column":0},"end":{"line":null,"column":-1}},"type":"binary-expr","locations":[{"start":{"line":80,"column":0},"end":{"line":null,"column":-1}},{"start":{"line":80,"column":0},"end":{"line":null,"column":-1}}]}},"s":{"0":6,"1":0,"2":0,"3":3,"4":3,"5":3,"6":3,"7":0,"8":0,"9":0,"10":3,"11":3,"12":3,"13":0,"14":0,"15":0,"16":0,"17":9,"18":6,"19":3,"20":0,"21":3},"f":{"0":6,"1":0,"2":3,"3":0,"4":3},"b":{"0":[0,0],"1":[3,0],"2":[0,3],"3":[0,0],"4":[0,0],"5":[0,0],"6":[3,0],"7":[0,3],"8":[3,0]}}
}
