TN:
SF:/Users/usuario/frontend-assignment/src/components/Input.vue
FN:20,data
FN:43,handleFocus
FN:48,handleCurrencyBlur
FN:68,handleKeyPress
FN:75,validate
FNF:5
FNH:3
FNDA:6,data
FNDA:0,handleFocus
FNDA:3,handleCurrencyBlur
FNDA:0,handleKeyPress
FNDA:3,validate
DA:20,6
DA:44,0
DA:45,0
DA:49,3
DA:51,3
DA:57,3
DA:58,3
DA:59,0
DA:60,0
DA:61,0
DA:63,3
DA:64,3
DA:65,3
DA:69,0
DA:70,0
DA:71,0
DA:72,0
DA:75,9
DA:78,6
DA:80,3
DA:81,0
DA:83,3
LF:22
LH:12
BRDA:44,0,0,0
BRDA:44,0,1,0
BRDA:49,1,0,3
BRDA:49,1,1,0
BRDA:58,2,0,0
BRDA:58,2,1,3
BRDA:69,3,0,0
BRDA:69,3,1,0
BRDA:70,4,0,0
BRDA:70,4,1,0
BRDA:72,5,0,0
BRDA:72,5,1,0
BRDA:78,6,0,3
BRDA:78,6,1,0
BRDA:80,7,0,0
BRDA:80,7,1,3
BRDA:80,8,0,3
BRDA:80,8,1,0
BRF:18
BRH:5
end_of_record
